<?xml version="1.0" encoding="UTF-8"?>
<robot generator="Robot 4.0.1 (Python 3.9.5 on darwin)" generated="20210529 22:43:36.165" rpa="false" schemaversion="2">
<suite id="s1" name="Suites">
<suite id="s1-s1" name="LoginTest" source="/Users/wisdomvast/PycharmProjects/pythonProject/TestCaseNew/LoginTest.robot">
<test id="s1-s1-t1" name="LoginTest">
<kw name="Open my browser" library="LoginKeyword">
<arg>${SiteUrl}</arg>
<arg>${Browser}</arg>
<kw name="Open Browser" library="SeleniumLibrary">
<arg>${url}</arg>
<arg>${browser}</arg>
<doc>Opens a new browser instance to the optional ``url``.</doc>
<msg timestamp="20210529 22:43:36.602" level="INFO">Opening browser 'chrome' to base url 'http://demo.guru99.com/test/newtours/index.php'.</msg>
<status status="PASS" starttime="20210529 22:43:36.602" endtime="20210529 22:43:44.331"/>
</kw>
<kw name="Maximize Browser Window" library="SeleniumLibrary">
<doc>Maximizes current browser window.</doc>
<status status="PASS" starttime="20210529 22:43:44.332" endtime="20210529 22:43:44.498"/>
</kw>
<status status="PASS" starttime="20210529 22:43:36.601" endtime="20210529 22:43:44.499"/>
</kw>
<kw name="Enter username" library="LoginKeyword">
<arg>${usr}</arg>
<kw name="Input Text" library="SeleniumLibrary">
<arg>${txt_loginUserName}</arg>
<arg>${username}</arg>
<doc>Types the given ``text`` into the text field identified by ``locator``.</doc>
<msg timestamp="20210529 22:43:44.504" level="INFO">Typing text 'tutorial' into text field 'name:userName'.</msg>
<status status="PASS" starttime="20210529 22:43:44.500" endtime="20210529 22:43:44.915"/>
</kw>
<status status="PASS" starttime="20210529 22:43:44.499" endtime="20210529 22:43:44.916"/>
</kw>
<kw name="Enter password" library="LoginKeyword">
<arg>${pwd}</arg>
<kw name="Input Password" library="SeleniumLibrary">
<arg>${txt_loginPassword}</arg>
<arg>${password}</arg>
<doc>Types the given password into the text field identified by ``locator``.</doc>
<msg timestamp="20210529 22:43:44.919" level="INFO">Typing password into text field 'name:password'.</msg>
<msg timestamp="20210529 22:43:44.981" level="INFO">Temporally setting log level to: NONE</msg>
<msg timestamp="20210529 22:43:45.049" level="INFO">Log level changed from NONE to INFO.</msg>
<status status="PASS" starttime="20210529 22:43:44.918" endtime="20210529 22:43:45.050"/>
</kw>
<status status="PASS" starttime="20210529 22:43:44.916" endtime="20210529 22:43:45.050"/>
</kw>
<kw name="Click login btn" library="LoginKeyword">
<kw name="Click Button" library="SeleniumLibrary">
<arg>${btn_signIn}</arg>
<doc>Clicks the button identified by ``locator``.</doc>
<msg timestamp="20210529 22:43:45.052" level="INFO">Clicking button 'xpath://tbody/tr[4]/td[2]/div[1]/input[1]'.</msg>
<status status="PASS" starttime="20210529 22:43:45.051" endtime="20210529 22:43:47.348"/>
</kw>
<status status="PASS" starttime="20210529 22:43:45.050" endtime="20210529 22:43:47.348"/>
</kw>
<kw name="Verify successful login" library="LoginKeyword">
<kw name="Page Should Contain" library="SeleniumLibrary">
<arg>Login Successfully</arg>
<doc>Verifies that current page contains ``text``.</doc>
<msg timestamp="20210529 22:43:47.368" level="INFO">Current page contains text 'Login Successfully'.</msg>
<status status="PASS" starttime="20210529 22:43:47.350" endtime="20210529 22:43:47.368"/>
</kw>
<status status="PASS" starttime="20210529 22:43:47.349" endtime="20210529 22:43:47.369"/>
</kw>
<kw name="Close Browser" library="LoginKeyword">
<kw name="Close All Browsers" library="SeleniumLibrary">
<doc>Closes all open browsers and resets the browser cache.</doc>
<status status="PASS" starttime="20210529 22:43:47.371" endtime="20210529 22:43:47.477"/>
</kw>
<status status="PASS" starttime="20210529 22:43:47.370" endtime="20210529 22:43:47.478"/>
</kw>
<status status="PASS" starttime="20210529 22:43:36.600" endtime="20210529 22:43:47.478"/>
</test>
<status status="PASS" starttime="20210529 22:43:36.228" endtime="20210529 22:43:47.481"/>
</suite>
<status status="PASS" starttime="20210529 22:43:36.169" endtime="20210529 22:43:47.488"/>
</suite>
<statistics>
<total>
<stat pass="1" fail="0" skip="0">All Tests</stat>
</total>
<tag>
</tag>
<suite>
<stat pass="1" fail="0" skip="0" id="s1" name="Suites">Suites</stat>
<stat pass="1" fail="0" skip="0" id="s1-s1" name="LoginTest">Suites.LoginTest</stat>
</suite>
</statistics>
<errors>
</errors>
</robot>
