<?xml version="1.0" encoding="UTF-8"?>
<robot generator="Robot 4.0.1 (Python 3.9.5 on darwin)" generated="20210529 21:59:40.418" rpa="false" schemaversion="2">
<suite id="s1" name="RegistrationTest" source="/Users/wisdomvast/PycharmProjects/pythonProject/TestCase/RegistrationTest.robot">
<test id="s1-t1" name="RegistrationTest">
<kw name="Open my browser" library="RegistrationKeyword">
<arg>${URL}</arg>
<arg>${Browser}</arg>
<kw name="Open Browser" library="SeleniumLibrary">
<arg>${url}</arg>
<arg>${browser}</arg>
<doc>Opens a new browser instance to the optional ``url``.</doc>
<msg timestamp="20210529 21:59:40.727" level="INFO">Opening browser 'chrome' to base url 'http://demo.guru99.com/test/newtours/index.php'.</msg>
<status status="PASS" starttime="20210529 21:59:40.727" endtime="20210529 21:59:46.241"/>
</kw>
<kw name="Maximize Browser Window" library="SeleniumLibrary">
<doc>Maximizes current browser window.</doc>
<status status="PASS" starttime="20210529 21:59:46.242" endtime="20210529 21:59:46.391"/>
</kw>
<status status="PASS" starttime="20210529 21:59:40.726" endtime="20210529 21:59:46.392"/>
</kw>
<kw name="Click Registration Link" library="RegistrationKeyword">
<kw name="Click Link" library="SeleniumLibrary">
<arg>${link_Reg}</arg>
<doc>Clicks a link identified by ``locator``.</doc>
<msg timestamp="20210529 21:59:46.393" level="INFO">Clicking link 'link:REGISTER'.</msg>
<status status="PASS" starttime="20210529 21:59:46.392" endtime="20210529 21:59:47.843"/>
</kw>
<status status="PASS" starttime="20210529 21:59:46.392" endtime="20210529 21:59:47.844"/>
</kw>
<kw name="Enter Firstname" library="RegistrationKeyword">
<arg>${fname}</arg>
<kw name="Input Text" library="SeleniumLibrary">
<arg>${txt_firstName}</arg>
<arg>${firstName}</arg>
<doc>Types the given ``text`` into the text field identified by ``locator``.</doc>
<msg timestamp="20210529 21:59:47.845" level="INFO">Typing text 'boss' into text field 'name:firstName'.</msg>
<status status="PASS" starttime="20210529 21:59:47.844" endtime="20210529 21:59:48.022"/>
</kw>
<status status="PASS" starttime="20210529 21:59:47.844" endtime="20210529 21:59:48.023"/>
</kw>
<kw name="Enter Lastname" library="RegistrationKeyword">
<arg>${lname}</arg>
<kw name="Input Password" library="SeleniumLibrary">
<arg>${txt_lastName}</arg>
<arg>${lastName}</arg>
<doc>Types the given password into the text field identified by ``locator``.</doc>
<msg timestamp="20210529 21:59:48.026" level="INFO">Typing password into text field 'name:lastName'.</msg>
<msg timestamp="20210529 21:59:48.079" level="INFO">Temporally setting log level to: NONE</msg>
<msg timestamp="20210529 21:59:48.135" level="INFO">Log level changed from NONE to INFO.</msg>
<status status="PASS" starttime="20210529 21:59:48.024" endtime="20210529 21:59:48.135"/>
</kw>
<status status="PASS" starttime="20210529 21:59:48.023" endtime="20210529 21:59:48.135"/>
</kw>
<kw name="Enter phone" library="RegistrationKeyword">
<arg>${phone}</arg>
<kw name="Input Text" library="SeleniumLibrary">
<arg>${txt_phone}</arg>
<arg>${phone}</arg>
<doc>Types the given ``text`` into the text field identified by ``locator``.</doc>
<msg timestamp="20210529 21:59:48.137" level="INFO">Typing text '1234' into text field 'name:phone'.</msg>
<status status="PASS" starttime="20210529 21:59:48.136" endtime="20210529 21:59:48.251"/>
</kw>
<status status="PASS" starttime="20210529 21:59:48.135" endtime="20210529 21:59:48.251"/>
</kw>
<kw name="Enter Email" library="RegistrationKeyword">
<arg>${email}</arg>
<kw name="Input Text" library="SeleniumLibrary">
<arg>${txt_email}</arg>
<arg>${email}</arg>
<doc>Types the given ``text`` into the text field identified by ``locator``.</doc>
<msg timestamp="20210529 21:59:48.252" level="INFO">Typing text 'boss.wha@mail.com' into text field 'name:userName'.</msg>
<status status="PASS" starttime="20210529 21:59:48.252" endtime="20210529 21:59:48.380"/>
</kw>
<status status="PASS" starttime="20210529 21:59:48.251" endtime="20210529 21:59:48.380"/>
</kw>
<kw name="Enter Address" library="RegistrationKeyword">
<arg>${addr}</arg>
<kw name="Input Text" library="SeleniumLibrary">
<arg>${txt_addr1}</arg>
<arg>${addr}</arg>
<doc>Types the given ``text`` into the text field identified by ``locator``.</doc>
<msg timestamp="20210529 21:59:48.381" level="INFO">Typing text '123/123' into text field 'name:address1'.</msg>
<status status="PASS" starttime="20210529 21:59:48.381" endtime="20210529 21:59:48.498"/>
</kw>
<status status="PASS" starttime="20210529 21:59:48.380" endtime="20210529 21:59:48.498"/>
</kw>
<kw name="Enter City" library="RegistrationKeyword">
<arg>${city}</arg>
<kw name="Input Text" library="SeleniumLibrary">
<arg>${txt_city}</arg>
<arg>${city}</arg>
<doc>Types the given ``text`` into the text field identified by ``locator``.</doc>
<msg timestamp="20210529 21:59:48.500" level="INFO">Typing text 'Phetchabun' into text field 'name:city'.</msg>
<status status="PASS" starttime="20210529 21:59:48.499" endtime="20210529 21:59:48.617"/>
</kw>
<status status="PASS" starttime="20210529 21:59:48.499" endtime="20210529 21:59:48.618"/>
</kw>
<kw name="Enter state" library="RegistrationKeyword">
<arg>${state}</arg>
<kw name="Input Text" library="SeleniumLibrary">
<arg>${txt_state}</arg>
<arg>${state}</arg>
<doc>Types the given ``text`` into the text field identified by ``locator``.</doc>
<msg timestamp="20210529 21:59:48.619" level="INFO">Typing text 'Naimueng' into text field 'name:state'.</msg>
<status status="PASS" starttime="20210529 21:59:48.619" endtime="20210529 21:59:48.728"/>
</kw>
<status status="PASS" starttime="20210529 21:59:48.618" endtime="20210529 21:59:48.729"/>
</kw>
<kw name="Enter Postcode" library="RegistrationKeyword">
<arg>${postcode}</arg>
<kw name="Input Text" library="SeleniumLibrary">
<arg>${txt_postalcode}</arg>
<arg>${postcode}</arg>
<doc>Types the given ``text`` into the text field identified by ``locator``.</doc>
<msg timestamp="20210529 21:59:48.731" level="INFO">Typing text '1212312121' into text field 'name:postalCode'.</msg>
<status status="PASS" starttime="20210529 21:59:48.731" endtime="20210529 21:59:48.837"/>
</kw>
<status status="PASS" starttime="20210529 21:59:48.729" endtime="20210529 21:59:48.837"/>
</kw>
<kw name="Select country" library="RegistrationKeyword">
<arg>${country}</arg>
<kw name="Select From List By Label" library="SeleniumLibrary">
<arg>${drp_country}</arg>
<arg>${country}</arg>
<doc>Selects options from selection list ``locator`` by ``labels``.</doc>
<msg timestamp="20210529 21:59:48.840" level="INFO">Selecting options from selection list 'name:country' by label THAILAND.</msg>
<status status="PASS" starttime="20210529 21:59:48.839" endtime="20210529 21:59:48.941"/>
</kw>
<status status="PASS" starttime="20210529 21:59:48.838" endtime="20210529 21:59:48.941"/>
</kw>
<kw name="Enter username" library="RegistrationKeyword">
<arg>${username}</arg>
<kw name="Input Text" library="SeleniumLibrary">
<arg>${txt_username}</arg>
<arg>${username}</arg>
<doc>Types the given ``text`` into the text field identified by ``locator``.</doc>
<msg timestamp="20210529 21:59:48.942" level="INFO">Typing text 'boss' into text field 'name:email'.</msg>
<status status="PASS" starttime="20210529 21:59:48.942" endtime="20210529 21:59:49.033"/>
</kw>
<status status="PASS" starttime="20210529 21:59:48.941" endtime="20210529 21:59:49.033"/>
</kw>
<kw name="Enter password" library="RegistrationKeyword">
<arg>${password}</arg>
<kw name="Input Password" library="SeleniumLibrary">
<arg>${txt_password}</arg>
<arg>${password}</arg>
<doc>Types the given password into the text field identified by ``locator``.</doc>
<msg timestamp="20210529 21:59:49.034" level="INFO">Typing password into text field 'name:password'.</msg>
<msg timestamp="20210529 21:59:49.085" level="INFO">Temporally setting log level to: NONE</msg>
<msg timestamp="20210529 21:59:49.135" level="INFO">Log level changed from NONE to INFO.</msg>
<status status="PASS" starttime="20210529 21:59:49.034" endtime="20210529 21:59:49.135"/>
</kw>
<status status="PASS" starttime="20210529 21:59:49.033" endtime="20210529 21:59:49.135"/>
</kw>
<kw name="Enter conf password" library="RegistrationKeyword">
<arg>${confpassword}</arg>
<kw name="Input Password" library="SeleniumLibrary">
<arg>${txt_confpassword}</arg>
<arg>${confpassword}</arg>
<doc>Types the given password into the text field identified by ``locator``.</doc>
<msg timestamp="20210529 21:59:49.141" level="INFO">Typing password into text field 'confirmPassword'.</msg>
<msg timestamp="20210529 21:59:49.187" level="INFO">Temporally setting log level to: NONE</msg>
<msg timestamp="20210529 21:59:49.237" level="INFO">Log level changed from NONE to INFO.</msg>
<status status="PASS" starttime="20210529 21:59:49.139" endtime="20210529 21:59:49.237"/>
</kw>
<status status="PASS" starttime="20210529 21:59:49.135" endtime="20210529 21:59:49.237"/>
</kw>
<kw name="Click login btn" library="RegistrationKeyword">
<kw name="Click Button" library="SeleniumLibrary">
<arg>${btn_submit}</arg>
<doc>Clicks the button identified by ``locator``.</doc>
<msg timestamp="20210529 21:59:49.240" level="INFO">Clicking button 'xpath://tbody/tr[17]/td[1]/input[1]'.</msg>
<status status="PASS" starttime="20210529 21:59:49.238" endtime="20210529 21:59:51.305"/>
</kw>
<status status="PASS" starttime="20210529 21:59:49.238" endtime="20210529 21:59:51.306"/>
</kw>
<kw name="Verify registration" library="RegistrationKeyword">
<kw name="Page Should Contain" library="SeleniumLibrary">
<arg>Thank you for registering.</arg>
<doc>Verifies that current page contains ``text``.</doc>
<msg timestamp="20210529 21:59:51.323" level="INFO">Current page contains text 'Thank you for registering.'.</msg>
<status status="PASS" starttime="20210529 21:59:51.308" endtime="20210529 21:59:51.324"/>
</kw>
<status status="PASS" starttime="20210529 21:59:51.307" endtime="20210529 21:59:51.324"/>
</kw>
<kw name="Sleep" library="BuiltIn">
<arg>3 seconds</arg>
<doc>Pauses the test executed for the given time.</doc>
<msg timestamp="20210529 21:59:54.329" level="INFO">Slept 3 seconds</msg>
<status status="PASS" starttime="20210529 21:59:51.325" endtime="20210529 21:59:54.329"/>
</kw>
<kw name="Close Browser" library="RegistrationKeyword">
<kw name="Close All Browsers" library="SeleniumLibrary">
<doc>Closes all open browsers and resets the browser cache.</doc>
<status status="PASS" starttime="20210529 21:59:54.330" endtime="20210529 21:59:54.453"/>
</kw>
<status status="PASS" starttime="20210529 21:59:54.329" endtime="20210529 21:59:54.453"/>
</kw>
<status status="PASS" starttime="20210529 21:59:40.726" endtime="20210529 21:59:54.454"/>
</test>
<status status="PASS" starttime="20210529 21:59:40.419" endtime="20210529 21:59:54.456"/>
</suite>
<statistics>
<total>
<stat pass="1" fail="0" skip="0">All Tests</stat>
</total>
<tag>
</tag>
<suite>
<stat pass="1" fail="0" skip="0" id="s1" name="RegistrationTest">RegistrationTest</stat>
</suite>
</statistics>
<errors>
</errors>
</robot>
