<?xml version="1.0" encoding="UTF-8"?>
<robot generator="Robot 4.0.1 (Python 3.9.5 on darwin)" generated="20210529 22:43:36.170" rpa="false" schemaversion="2">
<suite id="s1" name="Suites">
<suite id="s1-s1" name="RegistrationTest" source="/Users/wisdomvast/PycharmProjects/pythonProject/TestCaseNew/RegistrationTest.robot">
<test id="s1-s1-t1" name="RegistrationTest">
<kw name="Open my browser" library="RegistrationKeyword">
<arg>${URL}</arg>
<arg>${Browser}</arg>
<kw name="Open Browser" library="SeleniumLibrary">
<arg>${url}</arg>
<arg>${browser}</arg>
<doc>Opens a new browser instance to the optional ``url``.</doc>
<msg timestamp="20210529 22:43:36.605" level="INFO">Opening browser 'chrome' to base url 'http://demo.guru99.com/test/newtours/index.php'.</msg>
<status status="PASS" starttime="20210529 22:43:36.604" endtime="20210529 22:43:44.551"/>
</kw>
<kw name="Maximize Browser Window" library="SeleniumLibrary">
<doc>Maximizes current browser window.</doc>
<status status="PASS" starttime="20210529 22:43:44.559" endtime="20210529 22:43:44.772"/>
</kw>
<status status="PASS" starttime="20210529 22:43:36.603" endtime="20210529 22:43:44.772"/>
</kw>
<kw name="Click Registration Link" library="RegistrationKeyword">
<kw name="Click Link" library="SeleniumLibrary">
<arg>${link_Reg}</arg>
<doc>Clicks a link identified by ``locator``.</doc>
<msg timestamp="20210529 22:43:44.774" level="INFO">Clicking link 'link:REGISTER'.</msg>
<status status="PASS" starttime="20210529 22:43:44.773" endtime="20210529 22:43:46.224"/>
</kw>
<status status="PASS" starttime="20210529 22:43:44.772" endtime="20210529 22:43:46.225"/>
</kw>
<kw name="Enter Firstname" library="RegistrationKeyword">
<arg>${fname}</arg>
<kw name="Input Text" library="SeleniumLibrary">
<arg>${txt_firstName}</arg>
<arg>${firstName}</arg>
<doc>Types the given ``text`` into the text field identified by ``locator``.</doc>
<msg timestamp="20210529 22:43:46.228" level="INFO">Typing text 'boss' into text field 'name:firstName'.</msg>
<status status="PASS" starttime="20210529 22:43:46.226" endtime="20210529 22:43:46.420"/>
</kw>
<status status="PASS" starttime="20210529 22:43:46.225" endtime="20210529 22:43:46.420"/>
</kw>
<kw name="Enter Lastname" library="RegistrationKeyword">
<arg>${lname}</arg>
<kw name="Input Password" library="SeleniumLibrary">
<arg>${txt_lastName}</arg>
<arg>${lastName}</arg>
<doc>Types the given password into the text field identified by ``locator``.</doc>
<msg timestamp="20210529 22:43:46.424" level="INFO">Typing password into text field 'name:lastName'.</msg>
<msg timestamp="20210529 22:43:46.472" level="INFO">Temporally setting log level to: NONE</msg>
<msg timestamp="20210529 22:43:46.582" level="INFO">Log level changed from NONE to INFO.</msg>
<status status="PASS" starttime="20210529 22:43:46.422" endtime="20210529 22:43:46.582"/>
</kw>
<status status="PASS" starttime="20210529 22:43:46.420" endtime="20210529 22:43:46.583"/>
</kw>
<kw name="Enter phone" library="RegistrationKeyword">
<arg>${phone}</arg>
<kw name="Input Text" library="SeleniumLibrary">
<arg>${txt_phone}</arg>
<arg>${phone}</arg>
<doc>Types the given ``text`` into the text field identified by ``locator``.</doc>
<msg timestamp="20210529 22:43:46.585" level="INFO">Typing text '1234' into text field 'name:phone'.</msg>
<status status="PASS" starttime="20210529 22:43:46.584" endtime="20210529 22:43:46.761"/>
</kw>
<status status="PASS" starttime="20210529 22:43:46.583" endtime="20210529 22:43:46.761"/>
</kw>
<kw name="Enter Email" library="RegistrationKeyword">
<arg>${email}</arg>
<kw name="Input Text" library="SeleniumLibrary">
<arg>${txt_email}</arg>
<arg>${email}</arg>
<doc>Types the given ``text`` into the text field identified by ``locator``.</doc>
<msg timestamp="20210529 22:43:46.762" level="INFO">Typing text 'boss.wha@mail.com' into text field 'name:userName'.</msg>
<status status="PASS" starttime="20210529 22:43:46.762" endtime="20210529 22:43:46.884"/>
</kw>
<status status="PASS" starttime="20210529 22:43:46.761" endtime="20210529 22:43:46.885"/>
</kw>
<kw name="Enter Address" library="RegistrationKeyword">
<arg>${addr}</arg>
<kw name="Input Text" library="SeleniumLibrary">
<arg>${txt_addr1}</arg>
<arg>${addr}</arg>
<doc>Types the given ``text`` into the text field identified by ``locator``.</doc>
<msg timestamp="20210529 22:43:46.886" level="INFO">Typing text '123/123' into text field 'name:address1'.</msg>
<status status="PASS" starttime="20210529 22:43:46.886" endtime="20210529 22:43:46.994"/>
</kw>
<status status="PASS" starttime="20210529 22:43:46.885" endtime="20210529 22:43:46.995"/>
</kw>
<kw name="Enter City" library="RegistrationKeyword">
<arg>${city}</arg>
<kw name="Input Text" library="SeleniumLibrary">
<arg>${txt_city}</arg>
<arg>${city}</arg>
<doc>Types the given ``text`` into the text field identified by ``locator``.</doc>
<msg timestamp="20210529 22:43:46.996" level="INFO">Typing text 'Phetchabun' into text field 'name:city'.</msg>
<status status="PASS" starttime="20210529 22:43:46.995" endtime="20210529 22:43:47.115"/>
</kw>
<status status="PASS" starttime="20210529 22:43:46.995" endtime="20210529 22:43:47.116"/>
</kw>
<kw name="Enter state" library="RegistrationKeyword">
<arg>${state}</arg>
<kw name="Input Text" library="SeleniumLibrary">
<arg>${txt_state}</arg>
<arg>${state}</arg>
<doc>Types the given ``text`` into the text field identified by ``locator``.</doc>
<msg timestamp="20210529 22:43:47.117" level="INFO">Typing text 'Naimueng' into text field 'name:state'.</msg>
<status status="PASS" starttime="20210529 22:43:47.117" endtime="20210529 22:43:47.229"/>
</kw>
<status status="PASS" starttime="20210529 22:43:47.116" endtime="20210529 22:43:47.229"/>
</kw>
<kw name="Enter Postcode" library="RegistrationKeyword">
<arg>${postcode}</arg>
<kw name="Input Text" library="SeleniumLibrary">
<arg>${txt_postalcode}</arg>
<arg>${postcode}</arg>
<doc>Types the given ``text`` into the text field identified by ``locator``.</doc>
<msg timestamp="20210529 22:43:47.230" level="INFO">Typing text '1212312121' into text field 'name:postalCode'.</msg>
<status status="PASS" starttime="20210529 22:43:47.230" endtime="20210529 22:43:47.432"/>
</kw>
<status status="PASS" starttime="20210529 22:43:47.229" endtime="20210529 22:43:47.432"/>
</kw>
<kw name="Select country" library="RegistrationKeyword">
<arg>${country}</arg>
<kw name="Select From List By Label" library="SeleniumLibrary">
<arg>${drp_country}</arg>
<arg>${country}</arg>
<doc>Selects options from selection list ``locator`` by ``labels``.</doc>
<msg timestamp="20210529 22:43:47.435" level="INFO">Selecting options from selection list 'name:country' by label THAILAND.</msg>
<status status="PASS" starttime="20210529 22:43:47.434" endtime="20210529 22:43:47.587"/>
</kw>
<status status="PASS" starttime="20210529 22:43:47.433" endtime="20210529 22:43:47.587"/>
</kw>
<kw name="Enter username" library="RegistrationKeyword">
<arg>${username}</arg>
<kw name="Input Text" library="SeleniumLibrary">
<arg>${txt_username}</arg>
<arg>${username}</arg>
<doc>Types the given ``text`` into the text field identified by ``locator``.</doc>
<msg timestamp="20210529 22:43:47.589" level="INFO">Typing text 'boss' into text field 'name:email'.</msg>
<status status="PASS" starttime="20210529 22:43:47.588" endtime="20210529 22:43:47.704"/>
</kw>
<status status="PASS" starttime="20210529 22:43:47.588" endtime="20210529 22:43:47.704"/>
</kw>
<kw name="Enter password" library="RegistrationKeyword">
<arg>${password}</arg>
<kw name="Input Password" library="SeleniumLibrary">
<arg>${txt_password}</arg>
<arg>${password}</arg>
<doc>Types the given password into the text field identified by ``locator``.</doc>
<msg timestamp="20210529 22:43:47.708" level="INFO">Typing password into text field 'name:password'.</msg>
<msg timestamp="20210529 22:43:47.775" level="INFO">Temporally setting log level to: NONE</msg>
<msg timestamp="20210529 22:43:47.833" level="INFO">Log level changed from NONE to INFO.</msg>
<status status="PASS" starttime="20210529 22:43:47.707" endtime="20210529 22:43:47.834"/>
</kw>
<status status="PASS" starttime="20210529 22:43:47.705" endtime="20210529 22:43:47.834"/>
</kw>
<kw name="Enter conf password" library="RegistrationKeyword">
<arg>${confpassword}</arg>
<kw name="Input Password" library="SeleniumLibrary">
<arg>${txt_confpassword}</arg>
<arg>${confpassword}</arg>
<doc>Types the given password into the text field identified by ``locator``.</doc>
<msg timestamp="20210529 22:43:47.837" level="INFO">Typing password into text field 'confirmPassword'.</msg>
<msg timestamp="20210529 22:43:47.885" level="INFO">Temporally setting log level to: NONE</msg>
<msg timestamp="20210529 22:43:47.939" level="INFO">Log level changed from NONE to INFO.</msg>
<status status="PASS" starttime="20210529 22:43:47.836" endtime="20210529 22:43:47.939"/>
</kw>
<status status="PASS" starttime="20210529 22:43:47.835" endtime="20210529 22:43:47.940"/>
</kw>
<kw name="Click login btn" library="RegistrationKeyword">
<kw name="Click Button" library="SeleniumLibrary">
<arg>${btn_submit}</arg>
<doc>Clicks the button identified by ``locator``.</doc>
<msg timestamp="20210529 22:43:47.941" level="INFO">Clicking button 'xpath://tbody/tr[17]/td[1]/input[1]'.</msg>
<status status="PASS" starttime="20210529 22:43:47.941" endtime="20210529 22:43:50.131"/>
</kw>
<status status="PASS" starttime="20210529 22:43:47.940" endtime="20210529 22:43:50.131"/>
</kw>
<kw name="Verify registration" library="RegistrationKeyword">
<kw name="Page Should Contain" library="SeleniumLibrary">
<arg>Thank you for registering.</arg>
<doc>Verifies that current page contains ``text``.</doc>
<msg timestamp="20210529 22:43:50.148" level="INFO">Current page contains text 'Thank you for registering.'.</msg>
<status status="PASS" starttime="20210529 22:43:50.132" endtime="20210529 22:43:50.148"/>
</kw>
<status status="PASS" starttime="20210529 22:43:50.131" endtime="20210529 22:43:50.149"/>
</kw>
<kw name="Close Browser" library="RegistrationKeyword">
<kw name="Close All Browsers" library="SeleniumLibrary">
<doc>Closes all open browsers and resets the browser cache.</doc>
<status status="PASS" starttime="20210529 22:43:50.149" endtime="20210529 22:43:50.310"/>
</kw>
<status status="PASS" starttime="20210529 22:43:50.149" endtime="20210529 22:43:50.311"/>
</kw>
<status status="PASS" starttime="20210529 22:43:36.602" endtime="20210529 22:43:50.311"/>
</test>
<status status="PASS" starttime="20210529 22:43:36.234" endtime="20210529 22:43:50.315"/>
</suite>
<status status="PASS" starttime="20210529 22:43:36.172" endtime="20210529 22:43:50.329"/>
</suite>
<statistics>
<total>
<stat pass="1" fail="0" skip="0">All Tests</stat>
</total>
<tag>
</tag>
<suite>
<stat pass="1" fail="0" skip="0" id="s1" name="Suites">Suites</stat>
<stat pass="1" fail="0" skip="0" id="s1-s1" name="RegistrationTest">Suites.RegistrationTest</stat>
</suite>
</statistics>
<errors>
</errors>
</robot>
